Apr 08 02:13:00 arch-devm33 fuse_planet[15080]: planet_readdir: reading / buf=0xb5e004e0, offset=0
Apr 08 02:13:00 arch-devm33 fuse_planet[15080]: planet_getattr: path=/eth,ptr_cnt=2
Apr 08 02:13:00 arch-devm33 fuse_planet[15080]: planet_getattr: path=/dns,ptr_cnt=2
Apr 08 02:13:00 arch-devm33 fuse_planet[15080]: planet_readdir: reading / buf=0xb6800760, offset=0
Apr 08 02:13:00 arch-devm33 fuse_planet[15080]: planet_readdir: reading / buf=0xb54004e0, offset=0
Apr 08 02:13:00 arch-devm33 fuse_planet[15080]: planet_readdir: reading / buf=0xb6800598, offset=0
Apr 08 02:13:00 arch-devm33 fuse_planet[15080]: planet_readdir: reading / buf=0xb5e004e0, offset=0
Apr 08 02:13:00 arch-devm33 fuse_planet[15080]: planet_readdir: reading / buf=0xb54004e0, offset=0
Apr 08 02:13:00 arch-devm33 fuse_planet[15080]: planet_readdir: reading / buf=0xb5400530, offset=0
Apr 08 02:13:00 arch-devm33 fuse_planet[15080]: planet_readdir: reading / buf=0xb54004e0, offset=0
Apr 08 02:13:00 arch-devm33 fuse_planet[15080]: planet_readdir: reading / buf=0xb6800598, offset=0
Apr 08 02:13:00 arch-devm33 fuse_planet[15080]: planet_readdir: reading / buf=0xb5e004e0, offset=0
Apr 08 02:13:00 arch-devm33 fuse_planet[15080]: planet_readdir: reading / buf=0xb54004e0, offset=0
Apr 08 02:13:00 arch-devm33 fuse_planet[15080]: planet_readdir: reading / buf=0xb6800598, offset=0
Apr 08 02:13:00 arch-devm33 fuse_planet[15080]: planet_readdir: reading / buf=0xb54004e0, offset=0
Apr 08 02:13:00 arch-devm33 fuse_planet[15080]: planet_readdir: reading / buf=0xb6800598, offset=0
Apr 08 02:13:00 arch-devm33 fuse_planet[15080]: planet_readdir: reading / buf=0xb54004e0, offset=0
Apr 08 02:13:00 arch-devm33 fuse_planet[15080]: planet_readdir: reading / buf=0xb5e004e0, offset=0
Apr 08 02:13:00 arch-devm33 fuse_planet[15080]: planet_readdir: reading / buf=0xb6800598, offset=0
Apr 08 02:13:00 arch-devm33 fuse_planet[15080]: planet_readdir: reading / buf=0xb54004e0, offset=0
Apr 08 02:13:00 arch-devm33 fuse_planet[15080]: planet_readdir: reading / buf=0xb5e004e0, offset=0
Apr 08 02:13:00 arch-devm33 fuse_planet[15080]: planet_readdir: reading / buf=0xb6800598, offset=0
Apr 08 02:13:00 arch-devm33 fuse_planet[15080]: planet_readdir: reading / buf=0xb54004e0, offset=0
Apr 08 02:13:01 arch-devm33 fuse_planet[15080]: planet_getattr: path=/,ptr_cnt=1
Apr 08 02:13:08 arch-devm33 fuse_planet[15080]: planet_getattr: path=/dns,ptr_cnt=2
Apr 08 02:13:08 arch-devm33 fuse_planet[15080]: planet_open: /dns: opened handle=1
Apr 08 02:13:08 arch-devm33 fuse_planet[15080]: planet_write: writing /dns size=29, offset=0 handle=1
Apr 08 02:13:08 arch-devm33 fuse_planet[15080]: dns_op: write: opecode=resolve_inet / hostname=www.google.co.jp
Apr 08 02:13:08 arch-devm33 fuse_planet[15080]: planet_read: reading /dns size=1024, offset=16 handle=1
Apr 08 02:13:08 arch-devm33 fuse_planet[15080]: planet_read: received 15 bytes
Apr 08 02:13:08 arch-devm33 fuse_planet[15080]: planet_read: reading /dns size=1024, offset=31 handle=1
Apr 08 02:13:08 arch-devm33 fuse_planet[15080]: planet_read: received 15 bytes
Apr 08 02:13:08 arch-devm33 fuse_planet[15080]: planet_read: reading /dns size=1024, offset=46 handle=1
Apr 08 02:13:08 arch-devm33 fuse_planet[15080]: planet_read: received 0 bytes
Apr 08 02:13:08 arch-devm33 fuse_planet[15080]: planet_release: /dns closed handle=1
Apr 08 02:13:08 arch-devm33 fuse_planet[15080]: dns_op: dtor called target=
Apr 08 02:13:17 arch-devm33 fuse_planet[15080]: planet_getattr: path=/eth,ptr_cnt=2
Apr 08 02:13:17 arch-devm33 fuse_planet[15080]: planet_getattr: path=/eth/ip,ptr_cnt=2
Apr 08 02:13:17 arch-devm33 fuse_planet[15080]: planet_getattr: path=/eth/ip/tcp,ptr_cnt=2
Apr 08 02:13:17 arch-devm33 fuse_planet[15080]: planet_mknod: creating /eth/ip/tcp/74.125.235.240:80 mode=100700
Apr 08 02:13:17 arch-devm33 fuse_planet[15080]: planet_getattr: path=/eth/ip/tcp/74.125.235.240:80,ptr_cnt=2
Apr 08 02:13:17 arch-devm33 fuse_planet[15080]: tcp_client_op::open: connecting to host=74.125.235.240, port=80 fd=5
Apr 08 02:13:17 arch-devm33 fuse_planet[15080]: tcp_client_op::open: connection established 74.125.235.240:80 fd=5 opened
Apr 08 02:13:17 arch-devm33 fuse_planet[15080]: planet_open: /eth/ip/tcp/74.125.235.240:80: opened handle=2
Apr 08 02:13:17 arch-devm33 fuse_planet[15080]: planet_write: writing /eth/ip/tcp/74.125.235.240:80 size=71, offset=0 handle=2
Apr 08 02:13:17 arch-devm33 fuse_planet[15080]: planet_read: reading /eth/ip/tcp/74.125.235.240:80 size=65535, offset=71 handle=2
Apr 08 02:13:17 arch-devm33 fuse_planet[15080]: planet_read: received 2836 bytes
Apr 08 02:13:17 arch-devm33 fuse_planet[15080]: planet_read: reading /eth/ip/tcp/74.125.235.240:80 size=65535, offset=2907 handle=2
Apr 08 02:13:17 arch-devm33 fuse_planet[15080]: planet_read: received 5672 bytes
Apr 08 02:13:17 arch-devm33 fuse_planet[15080]: planet_read: reading /eth/ip/tcp/74.125.235.240:80 size=65535, offset=8579 handle=2
Apr 08 02:13:17 arch-devm33 fuse_planet[15080]: planet_read: received 5672 bytes
Apr 08 02:13:17 arch-devm33 fuse_planet[15080]: planet_read: reading /eth/ip/tcp/74.125.235.240:80 size=65535, offset=14251 handle=2
Apr 08 02:13:17 arch-devm33 fuse_planet[15080]: planet_read: received 2836 bytes
Apr 08 02:13:17 arch-devm33 fuse_planet[15080]: planet_read: reading /eth/ip/tcp/74.125.235.240:80 size=65535, offset=17087 handle=2
Apr 08 02:13:17 arch-devm33 fuse_planet[15080]: planet_read: received 8508 bytes
Apr 08 02:13:17 arch-devm33 fuse_planet[15080]: planet_read: reading /eth/ip/tcp/74.125.235.240:80 size=65535, offset=25595 handle=2
Apr 08 02:13:17 arch-devm33 fuse_planet[15080]: planet_read: received 11344 bytes
Apr 08 02:13:17 arch-devm33 fuse_planet[15080]: planet_read: reading /eth/ip/tcp/74.125.235.240:80 size=65535, offset=36939 handle=2
Apr 08 02:13:17 arch-devm33 fuse_planet[15080]: planet_read: received 7758 bytes
Apr 08 02:13:17 arch-devm33 fuse_planet[15080]: planet_read: reading /eth/ip/tcp/74.125.235.240:80 size=65535, offset=44697 handle=2
Apr 08 02:13:17 arch-devm33 fuse_planet[15080]: planet_read: received 0 bytes
Apr 08 02:13:17 arch-devm33 fuse_planet[15080]: planet_release: /eth/ip/tcp/74.125.235.240:80 closed handle=2
Apr 08 02:13:17 arch-devm33 fuse_planet[15080]: tcp_client_op: dtor called fd=5
Apr 08 02:13:34 arch-devm33 fuse_planet[15080]: planet_getattr: path=/,ptr_cnt=1
Apr 08 02:13:44 arch-devm33 fuse_planet[15080]: planet_getattr: path=/,ptr_cnt=1
Apr 08 02:13:55 arch-devm33 fuse_planet[15080]: planet_getattr: path=/dns,ptr_cnt=2
Apr 08 02:13:55 arch-devm33 fuse_planet[15080]: planet_open: /dns: opened handle=3
Apr 08 02:13:55 arch-devm33 fuse_planet[15080]: planet_write: writing /dns size=26, offset=0 handle=3
Apr 08 02:13:55 arch-devm33 fuse_planet[15080]: dns_op: write: opecode=resolve / hostname=aur.archlinux.org
Apr 08 02:13:55 arch-devm33 fuse_planet[15080]: planet_read: reading /dns size=1024, offset=17 handle=3
Apr 08 02:13:55 arch-devm33 fuse_planet[15080]: planet_read: received 13 bytes
Apr 08 02:13:55 arch-devm33 fuse_planet[15080]: planet_read: reading /dns size=1024, offset=30 handle=3
Apr 08 02:13:55 arch-devm33 fuse_planet[15080]: planet_read: received 21 bytes
Apr 08 02:13:55 arch-devm33 fuse_planet[15080]: planet_read: reading /dns size=1024, offset=51 handle=3
Apr 08 02:13:55 arch-devm33 fuse_planet[15080]: planet_read: received 0 bytes
Apr 08 02:13:55 arch-devm33 fuse_planet[15080]: planet_release: /dns closed handle=3
Apr 08 02:13:55 arch-devm33 fuse_planet[15080]: dns_op: dtor called target=
Apr 08 02:14:01 arch-devm33 fuse_planet[15080]: planet_getattr: path=/dns,ptr_cnt=2
Apr 08 02:14:01 arch-devm33 fuse_planet[15080]: planet_open: /dns: opened handle=4
Apr 08 02:14:01 arch-devm33 fuse_planet[15080]: planet_write: writing /dns size=23, offset=0 handle=4
Apr 08 02:14:01 arch-devm33 fuse_planet[15080]: dns_op: write: opecode=resolve / hostname=www.google.com
Apr 08 02:14:01 arch-devm33 fuse_planet[15080]: planet_read: reading /dns size=1024, offset=14 handle=4
Apr 08 02:14:01 arch-devm33 fuse_planet[15080]: planet_read: received 15 bytes
Apr 08 02:14:01 arch-devm33 fuse_planet[15080]: planet_read: reading /dns size=1024, offset=29 handle=4
Apr 08 02:14:01 arch-devm33 fuse_planet[15080]: planet_read: received 15 bytes
Apr 08 02:14:01 arch-devm33 fuse_planet[15080]: planet_read: reading /dns size=1024, offset=44 handle=4
Apr 08 02:14:01 arch-devm33 fuse_planet[15080]: planet_read: received 15 bytes
Apr 08 02:14:01 arch-devm33 fuse_planet[15080]: planet_read: reading /dns size=1024, offset=59 handle=4
Apr 08 02:14:01 arch-devm33 fuse_planet[15080]: planet_read: received 15 bytes
Apr 08 02:14:01 arch-devm33 fuse_planet[15080]: planet_read: reading /dns size=1024, offset=74 handle=4
Apr 08 02:14:01 arch-devm33 fuse_planet[15080]: planet_read: received 15 bytes
Apr 08 02:14:01 arch-devm33 fuse_planet[15080]: planet_read: reading /dns size=1024, offset=89 handle=4
Apr 08 02:14:01 arch-devm33 fuse_planet[15080]: planet_read: received 25 bytes
Apr 08 02:14:01 arch-devm33 fuse_planet[15080]: planet_read: reading /dns size=1024, offset=114 handle=4
Apr 08 02:14:01 arch-devm33 fuse_planet[15080]: planet_read: received 0 bytes
Apr 08 02:14:01 arch-devm33 fuse_planet[15080]: planet_release: /dns closed handle=4
Apr 08 02:14:01 arch-devm33 fuse_planet[15080]: dns_op: dtor called target=
Apr 08 02:14:24 arch-devm33 fuse_planet[15080]: planet_getattr: path=/,ptr_cnt=1
Apr 08 02:14:51 arch-devm33 fuse_planet[15080]: planet_getattr: path=/,ptr_cnt=1
Apr 08 02:15:08 arch-devm33 fuse_planet[15080]: planet_getattr: path=/eth,ptr_cnt=2
Apr 08 02:15:08 arch-devm33 fuse_planet[15080]: planet_getattr: path=/eth/ip,ptr_cnt=2
Apr 08 02:15:08 arch-devm33 fuse_planet[15080]: planet_getattr: path=/eth/ip/tcp,ptr_cnt=2
Apr 08 02:15:08 arch-devm33 fuse_planet[15080]: planet_mknod: creating /eth/ip/tcp/*:10000 mode=100700
Apr 08 02:15:08 arch-devm33 fuse_planet[15080]: planet_getattr: path=/eth/ip/tcp/*:10000,ptr_cnt=2
Apr 08 02:15:08 arch-devm33 fuse_planet[15080]: tcp_server_op::open: establishing server host=*, port=10000
Apr 08 02:15:08 arch-devm33 fuse_planet[15080]: tcp_server_op::open: established server *:10000 fd=5 opened
Apr 08 02:15:08 arch-devm33 fuse_planet[15080]: planet_open: /eth/ip/tcp/*:10000: opened handle=5
Apr 08 02:15:08 arch-devm33 fuse_planet[15080]: planet_read: reading /eth/ip/tcp/*:10000 size=1024, offset=0 handle=5
Apr 08 02:15:19 arch-devm33 fuse_planet[15080]: planet_getattr: path=/eth,ptr_cnt=2
Apr 08 02:15:19 arch-devm33 fuse_planet[15080]: planet_getattr: path=/eth/ip,ptr_cnt=2
Apr 08 02:15:19 arch-devm33 fuse_planet[15080]: planet_getattr: path=/eth/ip/tcp,ptr_cnt=2
Apr 08 02:15:19 arch-devm33 fuse_planet[15080]: planet_mknod: creating /eth/ip/tcp/127.0.0.1:10000 mode=100700
Apr 08 02:15:19 arch-devm33 fuse_planet[15080]: planet_getattr: path=/eth/ip/tcp/127.0.0.1:10000,ptr_cnt=2
Apr 08 02:15:19 arch-devm33 fuse_planet[15080]: tcp_client_op::open: connecting to host=127.0.0.1, port=10000 fd=7
Apr 08 02:15:19 arch-devm33 fuse_planet[15080]: tcp_client_op::open: connection established 127.0.0.1:10000 fd=7 opened
Apr 08 02:15:19 arch-devm33 fuse_planet[15080]: planet_open: /eth/ip/tcp/127.0.0.1:10000: opened handle=6
Apr 08 02:15:19 arch-devm33 fuse_planet[15080]: planet_write: writing /eth/ip/tcp/127.0.0.1:10000 size=71, offset=0 handle=6
Apr 08 02:15:19 arch-devm33 fuse_planet[15080]: planet_read: received 33 bytes
Apr 08 02:15:19 arch-devm33 fuse_planet[15080]: planet_release: /eth/ip/tcp/127.0.0.1:10000 closed handle=6
Apr 08 02:15:19 arch-devm33 fuse_planet[15080]: tcp_client_op: dtor called fd=7
Apr 08 02:15:19 arch-devm33 fuse_planet[15080]: planet_getattr: path=/eth/ip/tcp/127.0.0.1:47957,ptr_cnt=2
Apr 08 02:15:19 arch-devm33 fuse_planet[15080]: planet_open: /eth/ip/tcp/127.0.0.1:47957: opened handle=7
Apr 08 02:15:19 arch-devm33 fuse_planet[15080]: planet_read: reading /eth/ip/tcp/127.0.0.1:47957 size=65535, offset=0 handle=7
Apr 08 02:15:19 arch-devm33 fuse_planet[15080]: planet_read: received 71 bytes
Apr 08 02:15:19 arch-devm33 fuse_planet[15080]: planet_read: reading /eth/ip/tcp/127.0.0.1:47957 size=65535, offset=71 handle=7
Apr 08 02:15:19 arch-devm33 fuse_planet[15080]: planet_read: received 0 bytes
Apr 08 02:15:19 arch-devm33 fuse_planet[15080]: planet_read: reading /eth/ip/tcp/*:10000 size=1024, offset=33 handle=5
Apr 08 02:15:21 arch-devm33 fuse_planet[15080]: planet_getattr: path=/eth,ptr_cnt=2
Apr 08 02:15:21 arch-devm33 fuse_planet[15080]: planet_getattr: path=/eth/ip,ptr_cnt=2
Apr 08 02:15:21 arch-devm33 fuse_planet[15080]: planet_getattr: path=/eth/ip/tcp,ptr_cnt=2
Apr 08 02:15:21 arch-devm33 fuse_planet[15080]: planet_getattr: path=/eth/ip/tcp/127.0.0.1:10000,ptr_cnt=2
Apr 08 02:15:21 arch-devm33 fuse_planet[15080]: tcp_client_op::open: connecting to host=127.0.0.1, port=10000 fd=8
Apr 08 02:15:21 arch-devm33 fuse_planet[15080]: tcp_client_op::open: connection established 127.0.0.1:10000 fd=8 opened
Apr 08 02:15:21 arch-devm33 fuse_planet[15080]: planet_open: /eth/ip/tcp/127.0.0.1:10000: opened handle=8
Apr 08 02:15:21 arch-devm33 fuse_planet[15080]: planet_write: writing /eth/ip/tcp/127.0.0.1:10000 size=71, offset=0 handle=8
Apr 08 02:15:21 arch-devm33 fuse_planet[15080]: planet_read: received 33 bytes
Apr 08 02:15:21 arch-devm33 fuse_planet[15080]: planet_release: /eth/ip/tcp/127.0.0.1:10000 closed handle=8
Apr 08 02:15:21 arch-devm33 fuse_planet[15080]: tcp_client_op: dtor called fd=8
Apr 08 02:15:21 arch-devm33 fuse_planet[15080]: planet_getattr: path=/eth/ip/tcp/127.0.0.1:47958,ptr_cnt=2
Apr 08 02:15:21 arch-devm33 fuse_planet[15080]: planet_open: /eth/ip/tcp/127.0.0.1:47958: opened handle=9
Apr 08 02:15:21 arch-devm33 fuse_planet[15080]: planet_read: reading /eth/ip/tcp/127.0.0.1:47958 size=65535, offset=0 handle=9
Apr 08 02:15:21 arch-devm33 fuse_planet[15080]: planet_read: received 71 bytes
Apr 08 02:15:21 arch-devm33 fuse_planet[15080]: planet_read: reading /eth/ip/tcp/127.0.0.1:47958 size=65535, offset=71 handle=9
Apr 08 02:15:21 arch-devm33 fuse_planet[15080]: planet_read: received 0 bytes
Apr 08 02:15:21 arch-devm33 fuse_planet[15080]: planet_read: reading /eth/ip/tcp/*:10000 size=1024, offset=66 handle=5
Apr 08 02:15:23 arch-devm33 fuse_planet[15080]: planet_getattr: path=/eth,ptr_cnt=2
Apr 08 02:15:23 arch-devm33 fuse_planet[15080]: planet_getattr: path=/eth/ip,ptr_cnt=2
Apr 08 02:15:23 arch-devm33 fuse_planet[15080]: planet_getattr: path=/eth/ip/tcp,ptr_cnt=2
Apr 08 02:15:23 arch-devm33 fuse_planet[15080]: planet_getattr: path=/eth/ip/tcp/127.0.0.1:10000,ptr_cnt=2
Apr 08 02:15:23 arch-devm33 fuse_planet[15080]: tcp_client_op::open: connecting to host=127.0.0.1, port=10000 fd=9
Apr 08 02:15:23 arch-devm33 fuse_planet[15080]: tcp_client_op::open: connection established 127.0.0.1:10000 fd=9 opened
Apr 08 02:15:23 arch-devm33 fuse_planet[15080]: planet_open: /eth/ip/tcp/127.0.0.1:10000: opened handle=10
Apr 08 02:15:23 arch-devm33 fuse_planet[15080]: planet_read: received 33 bytes
Apr 08 02:15:23 arch-devm33 fuse_planet[15080]: planet_write: writing /eth/ip/tcp/127.0.0.1:10000 size=71, offset=0 handle=10
Apr 08 02:15:23 arch-devm33 fuse_planet[15080]: planet_release: /eth/ip/tcp/127.0.0.1:10000 closed handle=10
Apr 08 02:15:23 arch-devm33 fuse_planet[15080]: planet_release: /eth/ip/tcp/*:10000 closed handle=5
Apr 08 02:15:23 arch-devm33 fuse_planet[15080]: tcp_client_op: dtor called fd=9
Apr 08 02:15:23 arch-devm33 fuse_planet[15080]: tcp_server_op: dtor called fd=5
Apr 08 02:15:23 arch-devm33 fuse_planet[15080]: planet_release: /eth/ip/tcp/127.0.0.1:47957 closed handle=7
Apr 08 02:15:23 arch-devm33 fuse_planet[15080]: planet_release: /eth/ip/tcp/127.0.0.1:47958 closed handle=9
Apr 08 02:15:23 arch-devm33 fuse_planet[15080]: tcp_accepted_client_op: dtor called fd=6
Apr 08 02:15:23 arch-devm33 fuse_planet[15080]: tcp_accepted_client_op: dtor called fd=7
Apr 08 02:15:41 arch-devm33 sudo[15248]: devm33 : TTY=pts/1 ; PWD=/home/devm33/Develop/Project/fuse/pnetfs ; USER=root ; COMMAND=/usr/bin/make mount
Apr 08 02:15:41 arch-devm33 sudo[15248]: pam_unix(sudo:session): session opened for user root by devm33(uid=0)
Apr 08 02:15:41 arch-devm33 sudo[15248]: pam_unix(sudo:session): session closed for user root
Apr 08 02:15:52 arch-devm33 sudo[15272]: devm33 : TTY=pts/1 ; PWD=/home/devm33/Develop/Project/fuse/pnetfs ; USER=root ; COMMAND=./a.out
Apr 08 02:15:52 arch-devm33 sudo[15272]: pam_unix(sudo:session): session opened for user root by devm33(uid=0)
Apr 08 02:15:52 arch-devm33 fuse_planet[15253]: planet_getattr: path=/eth,ptr_cnt=2
Apr 08 02:15:52 arch-devm33 fuse_planet[15253]: planet_getattr: path=/eth/wlan0,ptr_cnt=2
Apr 08 02:15:52 arch-devm33 fuse_planet[15253]: planet_open: /eth/wlan0: opened handle=1
Apr 08 02:15:52 arch-devm33 fuse_planet[15253]: planet_read: reading /eth/wlan0 size=65535, offset=0 handle=1
Apr 08 02:15:54 arch-devm33 fuse_planet[15253]: planet_read: received 74 bytes
Apr 08 02:15:54 arch-devm33 fuse_planet[15253]: planet_read: reading /eth/wlan0 size=65535, offset=74 handle=1
Apr 08 02:15:54 arch-devm33 fuse_planet[15253]: planet_read: received 74 bytes
Apr 08 02:15:54 arch-devm33 fuse_planet[15253]: planet_read: reading /eth/wlan0 size=65535, offset=148 handle=1
Apr 08 02:15:54 arch-devm33 fuse_planet[15253]: planet_read: received 66 bytes
Apr 08 02:15:54 arch-devm33 fuse_planet[15253]: planet_read: reading /eth/wlan0 size=65535, offset=214 handle=1
Apr 08 02:15:54 arch-devm33 fuse_planet[15253]: planet_read: received 1019 bytes
Apr 08 02:15:54 arch-devm33 fuse_planet[15253]: planet_read: reading /eth/wlan0 size=65535, offset=1233 handle=1
Apr 08 02:15:54 arch-devm33 fuse_planet[15253]: planet_read: received 66 bytes
Apr 08 02:15:54 arch-devm33 fuse_planet[15253]: planet_read: reading /eth/wlan0 size=65535, offset=1299 handle=1
Apr 08 02:15:54 arch-devm33 fuse_planet[15253]: planet_read: received 1506 bytes
Apr 08 02:15:54 arch-devm33 fuse_planet[15253]: planet_read: reading /eth/wlan0 size=65535, offset=2805 handle=1
Apr 08 02:15:54 arch-devm33 fuse_planet[15253]: planet_read: received 66 bytes
Apr 08 02:15:54 arch-devm33 fuse_planet[15253]: planet_read: reading /eth/wlan0 size=65535, offset=2871 handle=1
Apr 08 02:15:54 arch-devm33 fuse_planet[15253]: planet_read: received 1506 bytes
Apr 08 02:15:54 arch-devm33 fuse_planet[15253]: planet_read: reading /eth/wlan0 size=65535, offset=4377 handle=1
Apr 08 02:15:54 arch-devm33 fuse_planet[15253]: planet_read: received 66 bytes
Apr 08 02:15:54 arch-devm33 fuse_planet[15253]: planet_read: reading /eth/wlan0 size=65535, offset=4443 handle=1
Apr 08 02:15:54 arch-devm33 fuse_planet[15253]: planet_read: received 1506 bytes
Apr 08 02:15:54 arch-devm33 fuse_planet[15253]: planet_read: reading /eth/wlan0 size=65535, offset=5949 handle=1
Apr 08 02:15:54 arch-devm33 fuse_planet[15253]: planet_read: received 66 bytes
Apr 08 02:15:54 arch-devm33 fuse_planet[15253]: planet_read: reading /eth/wlan0 size=65535, offset=6015 handle=1
Apr 08 02:15:54 arch-devm33 fuse_planet[15253]: planet_read: received 1506 bytes
Apr 08 02:15:54 arch-devm33 fuse_planet[15253]: planet_read: reading /eth/wlan0 size=65535, offset=7521 handle=1
Apr 08 02:15:54 arch-devm33 fuse_planet[15253]: planet_read: received 66 bytes
Apr 08 02:15:54 arch-devm33 fuse_planet[15253]: planet_read: reading /eth/wlan0 size=65535, offset=7587 handle=1
Apr 08 02:15:54 arch-devm33 fuse_planet[15253]: planet_read: received 1506 bytes
Apr 08 02:15:54 arch-devm33 fuse_planet[15253]: planet_read: reading /eth/wlan0 size=65535, offset=9093 handle=1
Apr 08 02:15:54 arch-devm33 fuse_planet[15253]: planet_read: received 66 bytes
Apr 08 02:15:54 arch-devm33 fuse_planet[15253]: planet_read: reading /eth/wlan0 size=65535, offset=9159 handle=1
Apr 08 02:15:54 arch-devm33 fuse_planet[15253]: planet_read: received 1506 bytes
Apr 08 02:15:54 arch-devm33 fuse_planet[15253]: planet_read: reading /eth/wlan0 size=65535, offset=10665 handle=1
Apr 08 02:15:54 arch-devm33 fuse_planet[15253]: planet_read: received 66 bytes
Apr 08 02:15:54 arch-devm33 fuse_planet[15253]: planet_read: reading /eth/wlan0 size=65535, offset=10731 handle=1
Apr 08 02:15:54 arch-devm33 fuse_planet[15253]: planet_read: received 1506 bytes
Apr 08 02:15:54 arch-devm33 fuse_planet[15253]: planet_read: reading /eth/wlan0 size=65535, offset=12237 handle=1
Apr 08 02:15:54 arch-devm33 fuse_planet[15253]: planet_read: received 66 bytes
Apr 08 02:15:54 arch-devm33 fuse_planet[15253]: planet_read: reading /eth/wlan0 size=65535, offset=12303 handle=1
Apr 08 02:15:54 arch-devm33 fuse_planet[15253]: planet_read: received 1506 bytes
Apr 08 02:15:54 arch-devm33 fuse_planet[15253]: planet_read: reading /eth/wlan0 size=65535, offset=13809 handle=1
Apr 08 02:15:54 arch-devm33 fuse_planet[15253]: planet_read: received 66 bytes
Apr 08 02:15:54 arch-devm33 fuse_planet[15253]: planet_read: reading /eth/wlan0 size=65535, offset=13875 handle=1
Apr 08 02:15:54 arch-devm33 fuse_planet[15253]: planet_read: received 1506 bytes
Apr 08 02:15:54 arch-devm33 fuse_planet[15253]: planet_read: reading /eth/wlan0 size=65535, offset=15381 handle=1
Apr 08 02:15:54 arch-devm33 fuse_planet[15253]: planet_read: received 66 bytes
Apr 08 02:15:54 arch-devm33 fuse_planet[15253]: planet_read: reading /eth/wlan0 size=65535, offset=15447 handle=1
Apr 08 02:15:54 arch-devm33 fuse_planet[15253]: planet_read: received 1506 bytes
Apr 08 02:15:54 arch-devm33 fuse_planet[15253]: planet_read: reading /eth/wlan0 size=65535, offset=16953 handle=1
Apr 08 02:15:54 arch-devm33 fuse_planet[15253]: planet_read: received 66 bytes
Apr 08 02:15:54 arch-devm33 fuse_planet[15253]: planet_read: reading /eth/wlan0 size=65535, offset=17019 handle=1
Apr 08 02:15:54 arch-devm33 fuse_planet[15253]: planet_read: received 1506 bytes
Apr 08 02:15:54 arch-devm33 fuse_planet[15253]: planet_read: reading /eth/wlan0 size=65535, offset=18525 handle=1
Apr 08 02:15:54 arch-devm33 fuse_planet[15253]: planet_read: received 1506 bytes
Apr 08 02:15:54 arch-devm33 fuse_planet[15253]: planet_read: reading /eth/wlan0 size=65535, offset=20031 handle=1
Apr 08 02:15:54 arch-devm33 fuse_planet[15253]: planet_read: received 66 bytes
Apr 08 02:15:54 arch-devm33 fuse_planet[15253]: planet_read: reading /eth/wlan0 size=65535, offset=20097 handle=1
Apr 08 02:15:54 arch-devm33 fuse_planet[15253]: planet_read: received 66 bytes
Apr 08 02:15:54 arch-devm33 fuse_planet[15253]: planet_read: reading /eth/wlan0 size=65535, offset=20163 handle=1
Apr 08 02:15:54 arch-devm33 fuse_planet[15253]: planet_read: received 1506 bytes
Apr 08 02:15:54 arch-devm33 fuse_planet[15253]: planet_read: reading /eth/wlan0 size=65535, offset=21669 handle=1
Apr 08 02:15:54 arch-devm33 fuse_planet[15253]: planet_read: received 66 bytes
Apr 08 02:15:54 arch-devm33 fuse_planet[15253]: planet_read: reading /eth/wlan0 size=65535, offset=21735 handle=1
Apr 08 02:15:54 arch-devm33 fuse_planet[15253]: planet_read: received 1506 bytes
Apr 08 02:15:54 arch-devm33 fuse_planet[15253]: planet_read: reading /eth/wlan0 size=65535, offset=23241 handle=1
Apr 08 02:15:54 arch-devm33 fuse_planet[15253]: planet_read: received 1506 bytes
Apr 08 02:15:54 arch-devm33 fuse_planet[15253]: planet_read: reading /eth/wlan0 size=65535, offset=24747 handle=1
Apr 08 02:15:54 arch-devm33 fuse_planet[15253]: planet_read: received 1506 bytes
Apr 08 02:15:54 arch-devm33 fuse_planet[15253]: planet_read: reading /eth/wlan0 size=65535, offset=26253 handle=1
Apr 08 02:15:54 arch-devm33 fuse_planet[15253]: planet_read: received 66 bytes
Apr 08 02:15:54 arch-devm33 fuse_planet[15253]: planet_read: reading /eth/wlan0 size=65535, offset=26319 handle=1
Apr 08 02:15:54 arch-devm33 fuse_planet[15253]: planet_read: received 1506 bytes
Apr 08 02:15:54 arch-devm33 fuse_planet[15253]: planet_read: reading /eth/wlan0 size=65535, offset=27825 handle=1
Apr 08 02:15:54 arch-devm33 fuse_planet[15253]: planet_read: received 1506 bytes
Apr 08 02:15:54 arch-devm33 fuse_planet[15253]: planet_read: reading /eth/wlan0 size=65535, offset=29331 handle=1
Apr 08 02:15:54 arch-devm33 fuse_planet[15253]: planet_read: received 1506 bytes
Apr 08 02:15:54 arch-devm33 fuse_planet[15253]: planet_read: reading /eth/wlan0 size=65535, offset=30837 handle=1
Apr 08 02:15:54 arch-devm33 fuse_planet[15253]: planet_read: received 66 bytes
Apr 08 02:15:54 arch-devm33 fuse_planet[15253]: planet_read: reading /eth/wlan0 size=65535, offset=30903 handle=1
Apr 08 02:15:54 arch-devm33 fuse_planet[15253]: planet_read: received 1506 bytes
Apr 08 02:15:54 arch-devm33 fuse_planet[15253]: planet_read: reading /eth/wlan0 size=65535, offset=32409 handle=1
Apr 08 02:15:54 arch-devm33 fuse_planet[15253]: planet_read: received 1506 bytes
Apr 08 02:15:54 arch-devm33 fuse_planet[15253]: planet_read: reading /eth/wlan0 size=65535, offset=33915 handle=1
Apr 08 02:15:54 arch-devm33 fuse_planet[15253]: planet_read: received 66 bytes
Apr 08 02:15:54 arch-devm33 fuse_planet[15253]: planet_read: reading /eth/wlan0 size=65535, offset=33981 handle=1
Apr 08 02:15:54 arch-devm33 fuse_planet[15253]: planet_read: received 1506 bytes
Apr 08 02:15:54 arch-devm33 fuse_planet[15253]: planet_read: reading /eth/wlan0 size=65535, offset=35487 handle=1
Apr 08 02:15:54 arch-devm33 fuse_planet[15253]: planet_read: received 1506 bytes
Apr 08 02:15:54 arch-devm33 fuse_planet[15253]: planet_read: reading /eth/wlan0 size=65535, offset=36993 handle=1
Apr 08 02:15:54 arch-devm33 fuse_planet[15253]: planet_read: received 1506 bytes
Apr 08 02:15:54 arch-devm33 fuse_planet[15253]: planet_read: reading /eth/wlan0 size=65535, offset=38499 handle=1
Apr 08 02:15:54 arch-devm33 fuse_planet[15253]: planet_read: received 66 bytes
Apr 08 02:15:54 arch-devm33 fuse_planet[15253]: planet_read: reading /eth/wlan0 size=65535, offset=38565 handle=1
Apr 08 02:15:54 arch-devm33 fuse_planet[15253]: planet_read: received 1506 bytes
Apr 08 02:15:54 arch-devm33 fuse_planet[15253]: planet_read: reading /eth/wlan0 size=65535, offset=40071 handle=1
Apr 08 02:15:54 arch-devm33 fuse_planet[15253]: planet_read: received 1506 bytes
Apr 08 02:15:54 arch-devm33 fuse_planet[15253]: planet_read: reading /eth/wlan0 size=65535, offset=41577 handle=1
Apr 08 02:15:54 arch-devm33 fuse_planet[15253]: planet_read: received 1506 bytes
Apr 08 02:15:54 arch-devm33 fuse_planet[15253]: planet_read: reading /eth/wlan0 size=65535, offset=43083 handle=1
Apr 08 02:15:54 arch-devm33 fuse_planet[15253]: planet_read: received 1506 bytes
Apr 08 02:15:54 arch-devm33 fuse_planet[15253]: planet_read: reading /eth/wlan0 size=65535, offset=44589 handle=1
Apr 08 02:15:54 arch-devm33 fuse_planet[15253]: planet_read: received 66 bytes
Apr 08 02:15:54 arch-devm33 fuse_planet[15253]: planet_read: reading /eth/wlan0 size=65535, offset=44655 handle=1
Apr 08 02:15:54 arch-devm33 fuse_planet[15253]: planet_read: received 1506 bytes
Apr 08 02:15:54 arch-devm33 fuse_planet[15253]: planet_read: reading /eth/wlan0 size=65535, offset=46161 handle=1
Apr 08 02:15:54 arch-devm33 fuse_planet[15253]: planet_read: received 1506 bytes
Apr 08 02:15:54 arch-devm33 fuse_planet[15253]: planet_read: reading /eth/wlan0 size=65535, offset=47667 handle=1
Apr 08 02:15:54 arch-devm33 fuse_planet[15253]: planet_read: received 66 bytes
Apr 08 02:15:54 arch-devm33 fuse_planet[15253]: planet_read: reading /eth/wlan0 size=65535, offset=47733 handle=1
Apr 08 02:15:54 arch-devm33 fuse_planet[15253]: planet_read: received 1506 bytes
Apr 08 02:15:54 arch-devm33 fuse_planet[15253]: planet_read: reading /eth/wlan0 size=65535, offset=49239 handle=1
Apr 08 02:15:54 arch-devm33 fuse_planet[15253]: planet_read: received 1506 bytes
Apr 08 02:15:54 arch-devm33 fuse_planet[15253]: planet_read: reading /eth/wlan0 size=65535, offset=50745 handle=1
Apr 08 02:15:54 arch-devm33 fuse_planet[15253]: planet_read: received 1506 bytes
Apr 08 02:15:54 arch-devm33 fuse_planet[15253]: planet_read: reading /eth/wlan0 size=65535, offset=52251 handle=1
Apr 08 02:15:54 arch-devm33 fuse_planet[15253]: planet_read: received 1506 bytes
Apr 08 02:15:54 arch-devm33 fuse_planet[15253]: planet_read: reading /eth/wlan0 size=65535, offset=53757 handle=1
Apr 08 02:15:54 arch-devm33 fuse_planet[15253]: planet_read: received 74 bytes
Apr 08 02:15:54 arch-devm33 fuse_planet[15253]: planet_read: reading /eth/wlan0 size=65535, offset=53831 handle=1
Apr 08 02:15:54 arch-devm33 fuse_planet[15253]: planet_read: received 74 bytes
Apr 08 02:15:54 arch-devm33 fuse_planet[15253]: planet_read: reading /eth/wlan0 size=65535, offset=53905 handle=1
Apr 08 02:15:54 arch-devm33 fuse_planet[15253]: planet_read: received 74 bytes
Apr 08 02:15:54 arch-devm33 fuse_planet[15253]: planet_read: reading /eth/wlan0 size=65535, offset=53979 handle=1
Apr 08 02:15:54 arch-devm33 fuse_planet[15253]: planet_read: received 74 bytes
Apr 08 02:15:54 arch-devm33 fuse_planet[15253]: planet_read: reading /eth/wlan0 size=65535, offset=54053 handle=1
Apr 08 02:15:54 arch-devm33 fuse_planet[15253]: planet_read: received 58 bytes
Apr 08 02:15:54 arch-devm33 fuse_planet[15253]: planet_read: reading /eth/wlan0 size=65535, offset=54111 handle=1
Apr 08 02:15:54 arch-devm33 fuse_planet[15253]: planet_read: received 54 bytes
Apr 08 02:15:54 arch-devm33 fuse_planet[15253]: planet_read: reading /eth/wlan0 size=65535, offset=54165 handle=1
Apr 08 02:15:54 arch-devm33 fuse_planet[15253]: planet_read: received 447 bytes
Apr 08 02:15:54 arch-devm33 fuse_planet[15253]: planet_read: reading /eth/wlan0 size=65535, offset=54612 handle=1
Apr 08 02:15:54 arch-devm33 fuse_planet[15253]: planet_read: received 76 bytes
Apr 08 02:15:54 arch-devm33 fuse_planet[15253]: planet_read: reading /eth/wlan0 size=65535, offset=54688 handle=1
Apr 08 02:15:54 arch-devm33 fuse_planet[15253]: planet_read: received 76 bytes
Apr 08 02:15:54 arch-devm33 fuse_planet[15253]: planet_read: reading /eth/wlan0 size=65535, offset=54764 handle=1
Apr 08 02:15:54 arch-devm33 fuse_planet[15253]: planet_read: received 74 bytes
Apr 08 02:15:54 arch-devm33 fuse_planet[15253]: planet_read: reading /eth/wlan0 size=65535, offset=54838 handle=1
Apr 08 02:15:54 arch-devm33 fuse_planet[15253]: planet_read: received 66 bytes
Apr 08 02:15:54 arch-devm33 fuse_planet[15253]: planet_read: reading /eth/wlan0 size=65535, offset=54904 handle=1
Apr 08 02:15:54 arch-devm33 fuse_planet[15253]: planet_read: received 478 bytes
Apr 08 02:15:54 arch-devm33 fuse_planet[15253]: planet_read: reading /eth/wlan0 size=65535, offset=55382 handle=1
Apr 08 02:15:54 arch-devm33 fuse_planet[15253]: planet_read: received 74 bytes
Apr 08 02:15:54 arch-devm33 fuse_planet[15253]: planet_read: reading /eth/wlan0 size=65535, offset=55456 handle=1
Apr 08 02:15:54 arch-devm33 fuse_planet[15253]: planet_read: received 66 bytes
Apr 08 02:15:54 arch-devm33 fuse_planet[15253]: planet_read: reading /eth/wlan0 size=65535, offset=55522 handle=1
Apr 08 02:15:54 arch-devm33 fuse_planet[15253]: planet_read: received 462 bytes
Apr 08 02:15:54 arch-devm33 fuse_planet[15253]: planet_read: reading /eth/wlan0 size=65535, offset=55984 handle=1
Apr 08 02:15:54 arch-devm33 fuse_planet[15253]: planet_read: received 74 bytes
Apr 08 02:15:54 arch-devm33 fuse_planet[15253]: planet_read: reading /eth/wlan0 size=65535, offset=56058 handle=1
Apr 08 02:15:54 arch-devm33 fuse_planet[15253]: planet_read: received 66 bytes
Apr 08 02:15:54 arch-devm33 fuse_planet[15253]: planet_read: reading /eth/wlan0 size=65535, offset=56124 handle=1
Apr 08 02:15:54 arch-devm33 fuse_planet[15253]: planet_read: received 457 bytes
Apr 08 02:15:54 arch-devm33 fuse_planet[15253]: planet_read: reading /eth/wlan0 size=65535, offset=56581 handle=1
Apr 08 02:15:54 arch-devm33 fuse_planet[15253]: planet_read: received 54 bytes
Apr 08 02:15:54 arch-devm33 fuse_planet[15253]: planet_read: reading /eth/wlan0 size=65535, offset=56635 handle=1
Apr 08 02:15:54 arch-devm33 fuse_planet[15253]: planet_read: received 190 bytes
Apr 08 02:15:54 arch-devm33 fuse_planet[15253]: planet_read: reading /eth/wlan0 size=65535, offset=56825 handle=1
Apr 08 02:15:54 arch-devm33 fuse_planet[15253]: planet_read: received 54 bytes
Apr 08 02:15:54 arch-devm33 fuse_planet[15253]: planet_read: reading /eth/wlan0 size=65535, offset=56879 handle=1
Apr 08 02:15:54 arch-devm33 fuse_planet[15253]: planet_read: received 162 bytes
Apr 08 02:15:54 arch-devm33 fuse_planet[15253]: planet_read: reading /eth/wlan0 size=65535, offset=57041 handle=1
Apr 08 02:15:54 arch-devm33 fuse_planet[15253]: planet_read: received 141 bytes
Apr 08 02:15:54 arch-devm33 fuse_planet[15253]: planet_read: reading /eth/wlan0 size=65535, offset=57182 handle=1
Apr 08 02:15:54 arch-devm33 fuse_planet[15253]: planet_read: received 74 bytes
Apr 08 02:15:54 arch-devm33 fuse_planet[15253]: planet_read: reading /eth/wlan0 size=65535, offset=57256 handle=1
Apr 08 02:15:54 arch-devm33 fuse_planet[15253]: planet_read: received 74 bytes
Apr 08 02:15:54 arch-devm33 fuse_planet[15253]: planet_read: reading /eth/wlan0 size=65535, offset=57330 handle=1
Apr 08 02:15:54 arch-devm33 fuse_planet[15253]: planet_read: received 74 bytes
Apr 08 02:15:54 arch-devm33 fuse_planet[15253]: planet_read: reading /eth/wlan0 size=65535, offset=57404 handle=1
Apr 08 02:15:54 arch-devm33 fuse_planet[15253]: planet_read: received 66 bytes
Apr 08 02:15:54 arch-devm33 fuse_planet[15253]: planet_read: reading /eth/wlan0 size=65535, offset=57470 handle=1
Apr 08 02:15:54 arch-devm33 fuse_planet[15253]: planet_read: received 66 bytes
Apr 08 02:15:54 arch-devm33 fuse_planet[15253]: planet_read: reading /eth/wlan0 size=65535, offset=57536 handle=1
Apr 08 02:15:54 arch-devm33 fuse_planet[15253]: planet_read: received 247 bytes
Apr 08 02:15:54 arch-devm33 fuse_planet[15253]: planet_read: reading /eth/wlan0 size=65535, offset=57783 handle=1
Apr 08 02:15:54 arch-devm33 fuse_planet[15253]: planet_read: received 66 bytes
Apr 08 02:15:54 arch-devm33 fuse_planet[15253]: planet_read: reading /eth/wlan0 size=65535, offset=57849 handle=1
Apr 08 02:15:54 arch-devm33 fuse_planet[15253]: planet_read: received 66 bytes
Apr 08 02:15:54 arch-devm33 fuse_planet[15253]: planet_read: reading /eth/wlan0 size=65535, offset=57915 handle=1
Apr 08 02:15:54 arch-devm33 fuse_planet[15253]: planet_read: received 66 bytes
Apr 08 02:15:54 arch-devm33 fuse_planet[15253]: planet_read: reading /eth/wlan0 size=65535, offset=57981 handle=1
Apr 08 02:15:54 arch-devm33 fuse_planet[15253]: planet_read: received 66 bytes
Apr 08 02:15:54 arch-devm33 fuse_planet[15253]: planet_read: reading /eth/wlan0 size=65535, offset=58047 handle=1
Apr 08 02:15:54 arch-devm33 fuse_planet[15253]: planet_read: received 66 bytes
Apr 08 02:15:54 arch-devm33 fuse_planet[15253]: planet_read: reading /eth/wlan0 size=65535, offset=58113 handle=1
Apr 08 02:15:54 arch-devm33 fuse_planet[15253]: planet_read: received 247 bytes
Apr 08 02:15:54 arch-devm33 fuse_planet[15253]: planet_read: reading /eth/wlan0 size=65535, offset=58360 handle=1
Apr 08 02:15:54 arch-devm33 fuse_planet[15253]: planet_read: received 66 bytes
Apr 08 02:15:54 arch-devm33 fuse_planet[15253]: planet_read: reading /eth/wlan0 size=65535, offset=58426 handle=1
Apr 08 02:15:54 arch-devm33 fuse_planet[15253]: planet_read: received 254 bytes
Apr 08 02:15:54 arch-devm33 fuse_planet[15253]: planet_read: reading /eth/wlan0 size=65535, offset=58680 handle=1
Apr 08 02:15:54 arch-devm33 fuse_planet[15253]: planet_read: received 66 bytes
Apr 08 02:15:54 arch-devm33 fuse_planet[15253]: planet_read: reading /eth/wlan0 size=65535, offset=58746 handle=1
Apr 08 02:15:54 arch-devm33 fuse_planet[15253]: planet_read: received 74 bytes
Apr 08 02:15:54 arch-devm33 fuse_planet[15253]: planet_read: reading /eth/wlan0 size=65535, offset=58820 handle=1
Apr 08 02:15:54 arch-devm33 fuse_planet[15253]: planet_read: received 66 bytes
Apr 08 02:15:54 arch-devm33 fuse_planet[15253]: planet_read: reading /eth/wlan0 size=65535, offset=58886 handle=1
Apr 08 02:15:54 arch-devm33 fuse_planet[15253]: planet_read: received 74 bytes
Apr 08 02:15:54 arch-devm33 fuse_planet[15253]: planet_read: reading /eth/wlan0 size=65535, offset=58960 handle=1
Apr 08 02:15:54 arch-devm33 fuse_planet[15253]: planet_read: received 66 bytes
Apr 08 02:15:54 arch-devm33 fuse_planet[15253]: planet_read: reading /eth/wlan0 size=65535, offset=59026 handle=1
Apr 08 02:15:54 arch-devm33 fuse_planet[15253]: planet_read: received 74 bytes
Apr 08 02:15:54 arch-devm33 fuse_planet[15253]: planet_read: reading /eth/wlan0 size=65535, offset=59100 handle=1
Apr 08 02:15:54 arch-devm33 fuse_planet[15253]: planet_read: received 66 bytes
Apr 08 02:15:54 arch-devm33 fuse_planet[15253]: planet_read: reading /eth/wlan0 size=65535, offset=59166 handle=1
Apr 08 02:15:54 arch-devm33 fuse_planet[15253]: planet_read: received 74 bytes
Apr 08 02:15:54 arch-devm33 fuse_planet[15253]: planet_read: reading /eth/wlan0 size=65535, offset=59240 handle=1
Apr 08 02:15:54 arch-devm33 fuse_planet[15253]: planet_read: received 78 bytes
Apr 08 02:15:54 arch-devm33 fuse_planet[15253]: planet_read: reading /eth/wlan0 size=65535, offset=59318 handle=1
Apr 08 02:15:54 arch-devm33 fuse_planet[15253]: planet_read: received 66 bytes
Apr 08 02:15:54 arch-devm33 fuse_planet[15253]: planet_read: reading /eth/wlan0 size=65535, offset=59384 handle=1
Apr 08 02:15:54 arch-devm33 fuse_planet[15253]: planet_read: received 936 bytes
Apr 08 02:15:54 arch-devm33 fuse_planet[15253]: planet_read: reading /eth/wlan0 size=65535, offset=60320 handle=1
Apr 08 02:15:54 arch-devm33 fuse_planet[15253]: planet_read: received 66 bytes
Apr 08 02:15:54 arch-devm33 fuse_planet[15253]: planet_read: reading /eth/wlan0 size=65535, offset=60386 handle=1
Apr 08 02:15:54 arch-devm33 fuse_planet[15253]: planet_read: received 66 bytes
Apr 08 02:15:54 arch-devm33 fuse_planet[15253]: planet_read: reading /eth/wlan0 size=65535, offset=60452 handle=1
Apr 08 02:15:54 arch-devm33 fuse_planet[15253]: planet_read: received 66 bytes
Apr 08 02:15:54 arch-devm33 fuse_planet[15253]: planet_read: reading /eth/wlan0 size=65535, offset=60518 handle=1
Apr 08 02:15:54 arch-devm33 fuse_planet[15253]: planet_read: received 109 bytes
Apr 08 02:15:54 arch-devm33 fuse_planet[15253]: planet_read: reading /eth/wlan0 size=65535, offset=60627 handle=1
Apr 08 02:15:54 arch-devm33 fuse_planet[15253]: planet_read: received 87 bytes
Apr 08 02:15:54 arch-devm33 fuse_planet[15253]: planet_read: reading /eth/wlan0 size=65535, offset=60714 handle=1
Apr 08 02:15:54 arch-devm33 fuse_planet[15253]: planet_read: received 54 bytes
Apr 08 02:15:54 arch-devm33 fuse_planet[15253]: planet_read: reading /eth/wlan0 size=65535, offset=60768 handle=1
Apr 08 02:15:54 arch-devm33 fuse_planet[15253]: planet_read: received 1484 bytes
Apr 08 02:15:54 arch-devm33 fuse_planet[15253]: planet_read: reading /eth/wlan0 size=65535, offset=62252 handle=1
Apr 08 02:15:54 arch-devm33 fuse_planet[15253]: planet_read: received 1452 bytes
Apr 08 02:15:54 arch-devm33 fuse_planet[15253]: planet_read: reading /eth/wlan0 size=65535, offset=63704 handle=1
Apr 08 02:15:54 arch-devm33 fuse_planet[15253]: planet_read: received 1506 bytes
Apr 08 02:15:54 arch-devm33 fuse_planet[15253]: planet_read: reading /eth/wlan0 size=65535, offset=65210 handle=1
Apr 08 02:15:54 arch-devm33 fuse_planet[15253]: planet_read: received 66 bytes
Apr 08 02:15:54 arch-devm33 fuse_planet[15253]: planet_read: reading /eth/wlan0 size=65535, offset=65276 handle=1
Apr 08 02:15:54 arch-devm33 fuse_planet[15253]: planet_read: received 1506 bytes
Apr 08 02:15:54 arch-devm33 fuse_planet[15253]: planet_read: reading /eth/wlan0 size=65535, offset=66782 handle=1
Apr 08 02:15:54 arch-devm33 fuse_planet[15253]: planet_read: received 66 bytes
Apr 08 02:15:54 arch-devm33 fuse_planet[15253]: planet_read: reading /eth/wlan0 size=65535, offset=66848 handle=1
Apr 08 02:15:54 arch-devm33 fuse_planet[15253]: planet_read: received 1506 bytes
Apr 08 02:15:54 arch-devm33 fuse_planet[15253]: planet_read: reading /eth/wlan0 size=65535, offset=68354 handle=1
Apr 08 02:15:54 arch-devm33 fuse_planet[15253]: planet_read: received 66 bytes
Apr 08 02:15:54 arch-devm33 fuse_planet[15253]: planet_read: reading /eth/wlan0 size=65535, offset=68420 handle=1
Apr 08 02:15:54 arch-devm33 fuse_planet[15253]: planet_read: received 859 bytes
Apr 08 02:15:54 arch-devm33 fuse_planet[15253]: planet_read: reading /eth/wlan0 size=65535, offset=69279 handle=1
Apr 08 02:15:54 arch-devm33 fuse_planet[15253]: planet_read: received 66 bytes
Apr 08 02:15:54 arch-devm33 fuse_planet[15253]: planet_read: reading /eth/wlan0 size=65535, offset=69345 handle=1
Apr 08 02:15:54 arch-devm33 fuse_planet[15253]: planet_read: received 66 bytes
Apr 08 02:15:54 arch-devm33 fuse_planet[15253]: planet_read: reading /eth/wlan0 size=65535, offset=69411 handle=1
Apr 08 02:15:54 arch-devm33 fuse_planet[15253]: planet_read: received 54 bytes
Apr 08 02:15:54 arch-devm33 fuse_planet[15253]: planet_read: reading /eth/wlan0 size=65535, offset=69465 handle=1
Apr 08 02:15:54 arch-devm33 fuse_planet[15253]: planet_read: received 54 bytes
Apr 08 02:15:54 arch-devm33 fuse_planet[15253]: planet_read: reading /eth/wlan0 size=65535, offset=69519 handle=1
Apr 08 02:15:55 arch-devm33 fuse_planet[15253]: planet_read: received 107 bytes
Apr 08 02:15:55 arch-devm33 fuse_planet[15253]: planet_read: reading /eth/wlan0 size=65535, offset=69626 handle=1
Apr 08 02:15:55 arch-devm33 fuse_planet[15253]: planet_read: received 109 bytes
Apr 08 02:15:55 arch-devm33 fuse_planet[15253]: planet_read: reading /eth/wlan0 size=65535, offset=69735 handle=1
Apr 08 02:15:55 arch-devm33 fuse_planet[15253]: planet_read: received 54 bytes
Apr 08 02:15:55 arch-devm33 fuse_planet[15253]: planet_read: reading /eth/wlan0 size=65535, offset=69789 handle=1
Apr 08 02:15:55 arch-devm33 fuse_planet[15253]: planet_read: received 66 bytes
Apr 08 02:15:55 arch-devm33 fuse_planet[15253]: planet_read: reading /eth/wlan0 size=65535, offset=69855 handle=1
Apr 08 02:15:55 arch-devm33 fuse_planet[15253]: planet_read: received 66 bytes
Apr 08 02:15:55 arch-devm33 fuse_planet[15253]: planet_read: reading /eth/wlan0 size=65535, offset=69921 handle=1
Apr 08 02:15:55 arch-devm33 fuse_planet[15253]: planet_read: received 66 bytes
Apr 08 02:15:55 arch-devm33 fuse_planet[15253]: planet_read: reading /eth/wlan0 size=65535, offset=69987 handle=1
Apr 08 02:15:55 arch-devm33 fuse_planet[15253]: planet_read: received 74 bytes
Apr 08 02:15:55 arch-devm33 fuse_planet[15253]: planet_read: reading /eth/wlan0 size=65535, offset=70061 handle=1
Apr 08 02:15:55 arch-devm33 fuse_planet[15253]: planet_read: received 74 bytes
Apr 08 02:15:55 arch-devm33 fuse_planet[15253]: planet_read: reading /eth/wlan0 size=65535, offset=70135 handle=1
Apr 08 02:15:55 arch-devm33 fuse_planet[15253]: planet_read: received 74 bytes
Apr 08 02:15:55 arch-devm33 fuse_planet[15253]: planet_read: reading /eth/wlan0 size=65535, offset=70209 handle=1
Apr 08 02:15:55 arch-devm33 fuse_planet[15253]: planet_read: received 74 bytes
Apr 08 02:15:55 arch-devm33 fuse_planet[15253]: planet_read: reading /eth/wlan0 size=65535, offset=70283 handle=1
Apr 08 02:15:55 arch-devm33 fuse_planet[15253]: planet_read: received 74 bytes
Apr 08 02:15:55 arch-devm33 fuse_planet[15253]: planet_read: reading /eth/wlan0 size=65535, offset=70357 handle=1
Apr 08 02:15:55 arch-devm33 fuse_planet[15253]: planet_read: received 74 bytes
Apr 08 02:15:55 arch-devm33 fuse_planet[15253]: planet_read: reading /eth/wlan0 size=65535, offset=70431 handle=1
Apr 08 02:15:55 arch-devm33 fuse_planet[15253]: planet_read: received 66 bytes
Apr 08 02:15:55 arch-devm33 fuse_planet[15253]: planet_read: reading /eth/wlan0 size=65535, offset=70497 handle=1
Apr 08 02:15:55 arch-devm33 fuse_planet[15253]: planet_read: received 628 bytes
Apr 08 02:15:55 arch-devm33 fuse_planet[15253]: planet_read: reading /eth/wlan0 size=65535, offset=71125 handle=1
Apr 08 02:15:55 arch-devm33 fuse_planet[15253]: planet_read: received 76 bytes
Apr 08 02:15:55 arch-devm33 fuse_planet[15253]: planet_read: reading /eth/wlan0 size=65535, offset=71201 handle=1
Apr 08 02:15:55 arch-devm33 fuse_planet[15253]: planet_read: received 76 bytes
Apr 08 02:15:55 arch-devm33 fuse_planet[15253]: planet_read: reading /eth/wlan0 size=65535, offset=71277 handle=1
Apr 08 02:15:55 arch-devm33 fuse_planet[15253]: planet_read: received 74 bytes
Apr 08 02:15:55 arch-devm33 fuse_planet[15253]: planet_read: reading /eth/wlan0 size=65535, offset=71351 handle=1
Apr 08 02:15:55 arch-devm33 fuse_planet[15253]: planet_read: received 66 bytes
Apr 08 02:15:55 arch-devm33 fuse_planet[15253]: planet_read: reading /eth/wlan0 size=65535, offset=71417 handle=1
Apr 08 02:15:55 arch-devm33 fuse_planet[15253]: planet_read: received 632 bytes
Apr 08 02:15:55 arch-devm33 fuse_planet[15253]: planet_read: reading /eth/wlan0 size=65535, offset=72049 handle=1
Apr 08 02:15:55 arch-devm33 fuse_planet[15253]: planet_read: received 74 bytes
Apr 08 02:15:55 arch-devm33 fuse_planet[15253]: planet_read: reading /eth/wlan0 size=65535, offset=72123 handle=1
Apr 08 02:15:55 arch-devm33 fuse_planet[15253]: planet_read: received 66 bytes
Apr 08 02:15:55 arch-devm33 fuse_planet[15253]: planet_read: reading /eth/wlan0 size=65535, offset=72189 handle=1
Apr 08 02:15:55 arch-devm33 fuse_planet[15253]: planet_read: received 632 bytes
Apr 08 02:15:55 arch-devm33 fuse_planet[15253]: planet_read: reading /eth/wlan0 size=65535, offset=72821 handle=1
Apr 08 02:15:55 arch-devm33 fuse_planet[15253]: planet_read: received 162 bytes
Apr 08 02:15:55 arch-devm33 fuse_planet[15253]: planet_read: reading /eth/wlan0 size=65535, offset=72983 handle=1
Apr 08 02:15:55 arch-devm33 fuse_planet[15253]: planet_read: received 141 bytes
Apr 08 02:15:55 arch-devm33 fuse_planet[15253]: planet_read: reading /eth/wlan0 size=65535, offset=73124 handle=1
Apr 08 02:15:55 arch-devm33 fuse_planet[15253]: planet_read: received 74 bytes
Apr 08 02:15:55 arch-devm33 fuse_planet[15253]: planet_read: reading /eth/wlan0 size=65535, offset=73198 handle=1
Apr 08 02:15:55 arch-devm33 fuse_planet[15253]: planet_read: received 74 bytes
Apr 08 02:15:55 arch-devm33 fuse_planet[15253]: planet_read: reading /eth/wlan0 size=65535, offset=73272 handle=1
Apr 08 02:15:55 arch-devm33 fuse_planet[15253]: planet_read: received 512 bytes
Apr 08 02:15:55 arch-devm33 fuse_planet[15253]: planet_read: reading /eth/wlan0 size=65535, offset=73784 handle=1
Apr 08 02:15:55 arch-devm33 fuse_planet[15253]: planet_read: received 511 bytes
Apr 08 02:15:55 arch-devm33 fuse_planet[15253]: planet_read: reading /eth/wlan0 size=65535, offset=74295 handle=1
Apr 08 02:15:55 arch-devm33 fuse_planet[15253]: planet_read: received 516 bytes
Apr 08 02:15:55 arch-devm33 fuse_planet[15253]: planet_read: reading /eth/wlan0 size=65535, offset=74811 handle=1
Apr 08 02:15:55 arch-devm33 fuse_planet[15253]: planet_read: received 515 bytes
Apr 08 02:15:55 arch-devm33 fuse_planet[15253]: planet_read: reading /eth/wlan0 size=65535, offset=75326 handle=1
Apr 08 02:15:55 arch-devm33 fuse_planet[15253]: planet_read: received 508 bytes
Apr 08 02:15:55 arch-devm33 fuse_planet[15253]: planet_read: reading /eth/wlan0 size=65535, offset=75834 handle=1
Apr 08 02:15:55 arch-devm33 fuse_planet[15253]: planet_read: received 540 bytes
Apr 08 02:15:55 arch-devm33 fuse_planet[15253]: planet_read: reading /eth/wlan0 size=65535, offset=76374 handle=1
Apr 08 02:15:55 arch-devm33 fuse_planet[15253]: planet_read: received 66 bytes
Apr 08 02:15:55 arch-devm33 fuse_planet[15253]: planet_read: reading /eth/wlan0 size=65535, offset=76440 handle=1
Apr 08 02:15:55 arch-devm33 fuse_planet[15253]: planet_read: received 66 bytes
Apr 08 02:15:55 arch-devm33 fuse_planet[15253]: planet_read: reading /eth/wlan0 size=65535, offset=76506 handle=1
Apr 08 02:15:55 arch-devm33 fuse_planet[15253]: planet_read: received 66 bytes
Apr 08 02:15:55 arch-devm33 fuse_planet[15253]: planet_read: reading /eth/wlan0 size=65535, offset=76572 handle=1
Apr 08 02:15:55 arch-devm33 fuse_planet[15253]: planet_read: received 66 bytes
Apr 08 02:15:55 arch-devm33 fuse_planet[15253]: planet_read: reading /eth/wlan0 size=65535, offset=76638 handle=1
Apr 08 02:15:55 arch-devm33 fuse_planet[15253]: planet_read: received 66 bytes
Apr 08 02:15:55 arch-devm33 fuse_planet[15253]: planet_read: reading /eth/wlan0 size=65535, offset=76704 handle=1
Apr 08 02:15:55 arch-devm33 fuse_planet[15253]: planet_read: received 66 bytes
Apr 08 02:15:55 arch-devm33 fuse_planet[15253]: planet_read: reading /eth/wlan0 size=65535, offset=76770 handle=1
Apr 08 02:15:55 arch-devm33 fuse_planet[15253]: planet_read: received 255 bytes
Apr 08 02:15:55 arch-devm33 fuse_planet[15253]: planet_read: reading /eth/wlan0 size=65535, offset=77025 handle=1
Apr 08 02:15:55 arch-devm33 fuse_planet[15253]: planet_read: received 66 bytes
Apr 08 02:15:55 arch-devm33 fuse_planet[15253]: planet_read: reading /eth/wlan0 size=65535, offset=77091 handle=1
Apr 08 02:15:55 arch-devm33 fuse_planet[15253]: planet_read: received 78 bytes
Apr 08 02:15:55 arch-devm33 fuse_planet[15253]: planet_read: reading /eth/wlan0 size=65535, offset=77169 handle=1
Apr 08 02:15:55 arch-devm33 fuse_planet[15253]: planet_read: received 78 bytes
Apr 08 02:15:55 arch-devm33 fuse_planet[15253]: planet_read: reading /eth/wlan0 size=65535, offset=77247 handle=1
Apr 08 02:15:55 arch-devm33 fuse_planet[15253]: planet_read: received 74 bytes
Apr 08 02:15:55 arch-devm33 fuse_planet[15253]: planet_read: reading /eth/wlan0 size=65535, offset=77321 handle=1
Apr 08 02:15:55 arch-devm33 fuse_planet[15253]: planet_read: received 66 bytes
Apr 08 02:15:55 arch-devm33 fuse_planet[15253]: planet_read: reading /eth/wlan0 size=65535, offset=77387 handle=1
Apr 08 02:15:55 arch-devm33 fuse_planet[15253]: planet_read: received 74 bytes
Apr 08 02:15:55 arch-devm33 fuse_planet[15253]: planet_read: reading /eth/wlan0 size=65535, offset=77461 handle=1
Apr 08 02:15:55 arch-devm33 fuse_planet[15253]: planet_read: received 66 bytes
Apr 08 02:15:55 arch-devm33 fuse_planet[15253]: planet_read: reading /eth/wlan0 size=65535, offset=77527 handle=1
Apr 08 02:15:55 arch-devm33 fuse_planet[15253]: planet_read: received 66 bytes
Apr 08 02:15:55 arch-devm33 fuse_planet[15253]: planet_read: reading /eth/wlan0 size=65535, offset=77593 handle=1
Apr 08 02:15:55 arch-devm33 fuse_planet[15253]: planet_read: received 66 bytes
Apr 08 02:15:55 arch-devm33 fuse_planet[15253]: planet_read: reading /eth/wlan0 size=65535, offset=77659 handle=1
Apr 08 02:15:55 arch-devm33 fuse_planet[15253]: planet_read: received 235 bytes
Apr 08 02:15:55 arch-devm33 fuse_planet[15253]: planet_read: reading /eth/wlan0 size=65535, offset=77894 handle=1
Apr 08 02:15:55 arch-devm33 fuse_planet[15253]: planet_read: received 66 bytes
Apr 08 02:15:55 arch-devm33 fuse_planet[15253]: planet_read: reading /eth/wlan0 size=65535, offset=77960 handle=1
Apr 08 02:15:55 arch-devm33 fuse_planet[15253]: planet_read: received 66 bytes
Apr 08 02:15:55 arch-devm33 fuse_planet[15253]: planet_read: reading /eth/wlan0 size=65535, offset=78026 handle=1
Apr 08 02:15:55 arch-devm33 fuse_planet[15253]: planet_read: received 66 bytes
Apr 08 02:15:55 arch-devm33 fuse_planet[15253]: planet_read: reading /eth/wlan0 size=65535, offset=78092 handle=1
Apr 08 02:15:55 arch-devm33 fuse_planet[15253]: planet_read: received 433 bytes
Apr 08 02:15:55 arch-devm33 fuse_planet[15253]: planet_read: reading /eth/wlan0 size=65535, offset=78525 handle=1
Apr 08 02:15:55 arch-devm33 fuse_planet[15253]: planet_read: received 66 bytes
Apr 08 02:15:55 arch-devm33 fuse_planet[15253]: planet_read: reading /eth/wlan0 size=65535, offset=78591 handle=1
Apr 08 02:15:55 arch-devm33 fuse_planet[15253]: planet_read: received 66 bytes
Apr 08 02:15:55 arch-devm33 fuse_planet[15253]: planet_read: reading /eth/wlan0 size=65535, offset=78657 handle=1
Apr 08 02:15:55 arch-devm33 fuse_planet[15253]: planet_read: received 122 bytes
Apr 08 02:15:55 arch-devm33 fuse_planet[15253]: planet_read: reading /eth/wlan0 size=65535, offset=78779 handle=1
Apr 08 02:15:55 arch-devm33 fuse_planet[15253]: planet_read: received 134 bytes
Apr 08 02:15:55 arch-devm33 fuse_planet[15253]: planet_read: reading /eth/wlan0 size=65535, offset=78913 handle=1
Apr 08 02:15:55 arch-devm33 fuse_planet[15253]: planet_read: received 74 bytes
Apr 08 02:15:55 arch-devm33 fuse_planet[15253]: planet_read: reading /eth/wlan0 size=65535, offset=78987 handle=1
Apr 08 02:15:55 arch-devm33 fuse_planet[15253]: planet_read: received 80 bytes
Apr 08 02:15:55 arch-devm33 fuse_planet[15253]: planet_read: reading /eth/wlan0 size=65535, offset=79067 handle=1
Apr 08 02:15:55 arch-devm33 fuse_planet[15253]: planet_read: received 80 bytes
Apr 08 02:15:55 arch-devm33 fuse_planet[15253]: planet_read: reading /eth/wlan0 size=65535, offset=79147 handle=1
Apr 08 02:15:55 arch-devm33 fuse_planet[15253]: planet_read: received 255 bytes
Apr 08 02:15:55 arch-devm33 fuse_planet[15253]: planet_read: reading /eth/wlan0 size=65535, offset=79402 handle=1
Apr 08 02:15:55 arch-devm33 fuse_planet[15253]: planet_read: received 66 bytes
Apr 08 02:15:55 arch-devm33 fuse_planet[15253]: planet_read: reading /eth/wlan0 size=65535, offset=79468 handle=1
Apr 08 02:15:55 arch-devm33 fuse_planet[15253]: planet_read: received 235 bytes
Apr 08 02:15:55 arch-devm33 fuse_planet[15253]: planet_read: reading /eth/wlan0 size=65535, offset=79703 handle=1
Apr 08 02:15:55 arch-devm33 fuse_planet[15253]: planet_read: received 66 bytes
Apr 08 02:15:55 arch-devm33 fuse_planet[15253]: planet_read: reading /eth/wlan0 size=65535, offset=79769 handle=1
Apr 08 02:15:55 arch-devm33 fuse_planet[15253]: planet_read: received 542 bytes
Apr 08 02:15:55 arch-devm33 fuse_planet[15253]: planet_read: reading /eth/wlan0 size=65535, offset=80311 handle=1
Apr 08 02:15:55 arch-devm33 fuse_planet[15253]: planet_read: received 74 bytes
Apr 08 02:15:55 arch-devm33 fuse_planet[15253]: planet_read: reading /eth/wlan0 size=65535, offset=80385 handle=1
Apr 08 02:15:55 arch-devm33 fuse_planet[15253]: planet_read: received 66 bytes
Apr 08 02:15:55 arch-devm33 fuse_planet[15253]: planet_read: reading /eth/wlan0 size=65535, offset=80451 handle=1
Apr 08 02:15:55 arch-devm33 fuse_planet[15253]: planet_read: received 569 bytes
Apr 08 02:15:55 arch-devm33 fuse_planet[15253]: planet_read: reading /eth/wlan0 size=65535, offset=81020 handle=1
Apr 08 02:15:55 arch-devm33 fuse_planet[15253]: planet_read: received 74 bytes
Apr 08 02:15:55 arch-devm33 fuse_planet[15253]: planet_read: reading /eth/wlan0 size=65535, offset=81094 handle=1
Apr 08 02:15:55 arch-devm33 fuse_planet[15253]: planet_read: received 66 bytes
Apr 08 02:15:55 arch-devm33 fuse_planet[15253]: planet_read: reading /eth/wlan0 size=65535, offset=81160 handle=1
Apr 08 02:15:55 arch-devm33 fuse_planet[15253]: planet_read: received 540 bytes
Apr 08 02:15:55 arch-devm33 fuse_planet[15253]: planet_read: reading /eth/wlan0 size=65535, offset=81700 handle=1
Apr 08 02:15:55 arch-devm33 fuse_planet[15253]: planet_read: received 236 bytes
Apr 08 02:15:55 arch-devm33 fuse_planet[15253]: planet_read: reading /eth/wlan0 size=65535, offset=81936 handle=1
Apr 08 02:15:55 arch-devm33 fuse_planet[15253]: planet_read: received 66 bytes
Apr 08 02:15:55 arch-devm33 fuse_planet[15253]: planet_read: reading /eth/wlan0 size=65535, offset=82002 handle=1
Apr 08 02:15:55 arch-devm33 fuse_planet[15253]: planet_read: received 504 bytes
Apr 08 02:15:55 arch-devm33 fuse_planet[15253]: planet_read: reading /eth/wlan0 size=65535, offset=82506 handle=1
Apr 08 02:15:55 arch-devm33 fuse_planet[15253]: planet_read: received 255 bytes
Apr 08 02:15:55 arch-devm33 fuse_planet[15253]: planet_read: reading /eth/wlan0 size=65535, offset=82761 handle=1
Apr 08 02:15:55 arch-devm33 fuse_planet[15253]: planet_read: received 66 bytes
Apr 08 02:15:55 arch-devm33 fuse_planet[15253]: planet_read: reading /eth/wlan0 size=65535, offset=82827 handle=1
Apr 08 02:15:55 arch-devm33 fuse_planet[15253]: planet_read: received 235 bytes
Apr 08 02:15:55 arch-devm33 fuse_planet[15253]: planet_read: reading /eth/wlan0 size=65535, offset=83062 handle=1
Apr 08 02:15:55 arch-devm33 fuse_planet[15253]: planet_read: received 66 bytes
Apr 08 02:15:55 arch-devm33 fuse_planet[15253]: planet_read: reading /eth/wlan0 size=65535, offset=83128 handle=1
Apr 08 02:15:55 arch-devm33 fuse_planet[15253]: planet_read: received 514 bytes
Apr 08 02:15:55 arch-devm33 fuse_planet[15253]: planet_read: reading /eth/wlan0 size=65535, offset=83642 handle=1
Apr 08 02:15:55 arch-devm33 fuse_planet[15253]: planet_read: received 126 bytes
Apr 08 02:15:55 arch-devm33 fuse_planet[15253]: planet_read: reading /eth/wlan0 size=65535, offset=83768 handle=1
Apr 08 02:15:55 arch-devm33 fuse_planet[15253]: planet_read: received 138 bytes
Apr 08 02:15:55 arch-devm33 fuse_planet[15253]: planet_read: reading /eth/wlan0 size=65535, offset=83906 handle=1
Apr 08 02:15:55 arch-devm33 fuse_planet[15253]: planet_read: received 74 bytes
Apr 08 02:15:55 arch-devm33 fuse_planet[15253]: planet_read: reading /eth/wlan0 size=65535, offset=83980 handle=1
Apr 08 02:15:55 arch-devm33 fuse_planet[15253]: planet_read: received 66 bytes
Apr 08 02:15:55 arch-devm33 fuse_planet[15253]: planet_read: reading /eth/wlan0 size=65535, offset=84046 handle=1
Apr 08 02:15:55 arch-devm33 fuse_planet[15253]: planet_read: received 66 bytes
Apr 08 02:15:55 arch-devm33 fuse_planet[15253]: planet_read: reading /eth/wlan0 size=65535, offset=84112 handle=1
Apr 08 02:15:55 arch-devm33 fuse_planet[15253]: planet_read: received 66 bytes
Apr 08 02:15:55 arch-devm33 fuse_planet[15253]: planet_read: reading /eth/wlan0 size=65535, offset=84178 handle=1
Apr 08 02:15:55 arch-devm33 fuse_planet[15253]: planet_read: received 255 bytes
Apr 08 02:15:55 arch-devm33 fuse_planet[15253]: planet_read: reading /eth/wlan0 size=65535, offset=84433 handle=1
Apr 08 02:15:55 arch-devm33 fuse_planet[15253]: planet_read: received 505 bytes
Apr 08 02:15:55 arch-devm33 fuse_planet[15253]: planet_read: reading /eth/wlan0 size=65535, offset=84938 handle=1
Apr 08 02:15:55 arch-devm33 fuse_planet[15253]: planet_read: received 66 bytes
Apr 08 02:15:55 arch-devm33 fuse_planet[15253]: planet_read: reading /eth/wlan0 size=65535, offset=85004 handle=1
Apr 08 02:15:55 arch-devm33 fuse_planet[15253]: planet_read: received 234 bytes
Apr 08 02:15:55 arch-devm33 fuse_planet[15253]: planet_read: reading /eth/wlan0 size=65535, offset=85238 handle=1
Apr 08 02:15:55 arch-devm33 fuse_planet[15253]: planet_read: received 501 bytes
Apr 08 02:15:55 arch-devm33 fuse_planet[15253]: planet_read: reading /eth/wlan0 size=65535, offset=85739 handle=1
Apr 08 02:15:55 arch-devm33 fuse_planet[15253]: planet_read: received 66 bytes
Apr 08 02:15:55 arch-devm33 fuse_planet[15253]: planet_read: reading /eth/wlan0 size=65535, offset=85805 handle=1
Apr 08 02:15:55 arch-devm33 fuse_planet[15253]: planet_read: received 66 bytes
Apr 08 02:15:55 arch-devm33 fuse_planet[15253]: planet_read: reading /eth/wlan0 size=65535, offset=85871 handle=1
Apr 08 02:15:55 arch-devm33 fuse_planet[15253]: planet_read: received 236 bytes
Apr 08 02:15:55 arch-devm33 fuse_planet[15253]: planet_read: reading /eth/wlan0 size=65535, offset=86107 handle=1
Apr 08 02:15:55 arch-devm33 fuse_planet[15253]: planet_read: received 508 bytes
Apr 08 02:15:55 arch-devm33 fuse_planet[15253]: planet_read: reading /eth/wlan0 size=65535, offset=86615 handle=1
Apr 08 02:15:55 arch-devm33 fuse_planet[15253]: planet_read: received 66 bytes
Apr 08 02:15:55 arch-devm33 fuse_planet[15253]: planet_read: reading /eth/wlan0 size=65535, offset=86681 handle=1
Apr 08 02:15:55 arch-devm33 fuse_planet[15253]: planet_read: received 235 bytes
Apr 08 02:15:55 arch-devm33 fuse_planet[15253]: planet_read: reading /eth/wlan0 size=65535, offset=86916 handle=1
Apr 08 02:15:55 arch-devm33 fuse_planet[15253]: planet_read: received 505 bytes
Apr 08 02:15:55 arch-devm33 fuse_planet[15253]: planet_read: reading /eth/wlan0 size=65535, offset=87421 handle=1
Apr 08 02:15:55 arch-devm33 fuse_planet[15253]: planet_read: received 74 bytes
